  funciones.c
C:\Users\User\OneDrive\Desktop\Jokua\Jokua\Jokua_1\funciones.c(470,54): warning C4244: 'función': conversión de 'float' a 'int'; posible pérdida de datos
C:\Users\User\OneDrive\Desktop\Jokua\Jokua\Jokua_1\funciones.c(470,62): warning C4244: 'función': conversión de 'float' a 'int'; posible pérdida de datos
C:\Users\User\OneDrive\Desktop\Jokua\Jokua\Jokua_1\funciones.c(458,26): warning C4244: 'inicializando': conversión de 'double' a 'float'; posible pérdida de datos
C:\Users\User\OneDrive\Desktop\Jokua\Jokua\Jokua_1\funciones.c(553,40): warning C4244: 'inicializando': conversión de 'double' a 'float'; posible pérdida de datos
C:\Users\User\OneDrive\Desktop\Jokua\Jokua\Jokua_1\funciones.c(631,48): warning C4244: '=': conversión de 'int' a 'float'; posible pérdida de datos
C:\Users\User\OneDrive\Desktop\Jokua\Jokua\Jokua_1\funciones.c(632,48): warning C4244: '=': conversión de 'int' a 'float'; posible pérdida de datos
C:\Users\User\OneDrive\Desktop\Jokua\Jokua\Jokua_1\funciones.c(639,49): warning C4244: 'inicializando': conversión de 'float' a 'int'; posible pérdida de datos
C:\Users\User\OneDrive\Desktop\Jokua\Jokua\Jokua_1\funciones.c(640,49): warning C4244: 'inicializando': conversión de 'float' a 'int'; posible pérdida de datos
C:\Users\User\OneDrive\Desktop\Jokua\Jokua\Jokua_1\funciones.c(692,17): warning C4133: 'función': tipos incompatibles, de 'char [40]' a 'FILE *const '
C:\Users\User\OneDrive\Desktop\Jokua\Jokua\Jokua_1\funciones.c(854,32): warning C4244: '=': conversión de 'int' a 'float'; posible pérdida de datos
C:\Users\User\OneDrive\Desktop\Jokua\Jokua\Jokua_1\funciones.c(855,32): warning C4244: '=': conversión de 'int' a 'float'; posible pérdida de datos
C:\Users\User\OneDrive\Desktop\Jokua\Jokua\Jokua_1\funciones.c(896,18): warning C4098: 'mapa_pantailaratu': función 'void' que devuelve un valor
C:\Users\User\OneDrive\Desktop\Jokua\Jokua\Jokua_1\funciones.c(904,17): warning C4133: 'función': tipos incompatibles, de 'char [40]' a 'FILE *const '
C:\Users\User\OneDrive\Desktop\Jokua\Jokua\Jokua_1\funciones.c(906,18): warning C4098: 'mapa_pantailaratu': función 'void' que devuelve un valor
C:\Users\User\OneDrive\Desktop\Jokua\Jokua\Jokua_1\funciones.c(911,17): warning C4133: 'función': tipos incompatibles, de 'char [42]' a 'FILE *const '
C:\Users\User\OneDrive\Desktop\Jokua\Jokua\Jokua_1\funciones.c(914,18): warning C4098: 'mapa_pantailaratu': función 'void' que devuelve un valor
C:\Users\User\OneDrive\Desktop\Jokua\Jokua\Jokua_1\funciones.c(921,18): warning C4098: 'mapa_pantailaratu': función 'void' que devuelve un valor
C:\Users\User\OneDrive\Desktop\Jokua\Jokua\Jokua_1\funciones.c(934,18): warning C4098: 'mapa_pantailaratu': función 'void' que devuelve un valor
C:\Users\User\OneDrive\Desktop\Jokua\Jokua\Jokua_1\funciones.c(956,18): warning C4098: 'mapa_pantailaratu': función 'void' que devuelve un valor
C:\Users\User\OneDrive\Desktop\Jokua\Jokua\Jokua_1\funciones.c(1027,49): warning C4244: 'función': conversión de 'float' a 'int'; posible pérdida de datos
C:\Users\User\OneDrive\Desktop\Jokua\Jokua\Jokua_1\funciones.c(1027,60): warning C4244: 'función': conversión de 'float' a 'int'; posible pérdida de datos
C:\Users\User\OneDrive\Desktop\Jokua\Jokua\Jokua_1\funciones.c(1028,68): warning C4244: 'función': conversión de 'float' a 'int'; posible pérdida de datos
C:\Users\User\OneDrive\Desktop\Jokua\Jokua\Jokua_1\funciones.c(1028,80): warning C4244: 'función': conversión de 'float' a 'int'; posible pérdida de datos
C:\Users\User\OneDrive\Desktop\Jokua\Jokua\Jokua_1\funciones.c(1029,49): warning C4244: 'función': conversión de 'float' a 'int'; posible pérdida de datos
C:\Users\User\OneDrive\Desktop\Jokua\Jokua\Jokua_1\funciones.c(1029,78): warning C4244: 'función': conversión de 'float' a 'int'; posible pérdida de datos
C:\Users\User\OneDrive\Desktop\Jokua\Jokua\Jokua_1\funciones.c(1030,68): warning C4244: 'función': conversión de 'float' a 'int'; posible pérdida de datos
C:\Users\User\OneDrive\Desktop\Jokua\Jokua\Jokua_1\funciones.c(1030,98): warning C4244: 'función': conversión de 'float' a 'int'; posible pérdida de datos
C:\Users\User\OneDrive\Desktop\Jokua\Jokua\Jokua_1\funciones.c(1241,26): warning C4098: 'mapa_pantailaratu': función 'void' que devuelve un valor
  Jokua_1.vcxproj -> C:\Users\User\OneDrive\Desktop\Jokua\Jokua\x64\Debug\Jokua_1.exe
